2015/12/14 13:50:33 [error] [exception.CHttpException.404] exception 'CHttpException' with message 'The system is unable to find the requested action "add".' in C:\xampp\htdocs\Yiiframework\protected\framework\web\CController.php:483
Stack trace:
#0 C:\xampp\htdocs\Yiiframework\protected\framework\web\CController.php(270): CController->missingAction('add')
#1 C:\xampp\htdocs\Yiiframework\protected\framework\web\CWebApplication.php(282): CController->run('add')
#2 C:\xampp\htdocs\Yiiframework\protected\framework\web\CWebApplication.php(141): CWebApplication->runController('migration/add')
#3 C:\xampp\htdocs\Yiiframework\protected\framework\base\CApplication.php(184): CWebApplication->processRequest()
#4 C:\xampp\htdocs\Yiiframework\index.php(13): CApplication->run()
#5 {main}
REQUEST_URI=/Yiiframework/index.php?r=migration/add
---
2015/12/14 13:54:43 [error] [exception.CHttpException.404] exception 'CHttpException' with message 'The system is unable to find the requested action "add".' in C:\xampp\htdocs\Yiiframework\protected\framework\web\CController.php:483
Stack trace:
#0 C:\xampp\htdocs\Yiiframework\protected\framework\web\CController.php(270): CController->missingAction('add')
#1 C:\xampp\htdocs\Yiiframework\protected\framework\web\CWebApplication.php(282): CController->run('add')
#2 C:\xampp\htdocs\Yiiframework\protected\framework\web\CWebApplication.php(141): CWebApplication->runController('migration/add')
#3 C:\xampp\htdocs\Yiiframework\protected\framework\base\CApplication.php(184): CWebApplication->processRequest()
#4 C:\xampp\htdocs\Yiiframework\index.php(13): CApplication->run()
#5 {main}
REQUEST_URI=/Yiiframework/index.php?r=migration/add
---
2015/12/14 13:54:48 [error] [exception.CHttpException.404] exception 'CHttpException' with message 'The system is unable to find the requested action "edit".' in C:\xampp\htdocs\Yiiframework\protected\framework\web\CController.php:483
Stack trace:
#0 C:\xampp\htdocs\Yiiframework\protected\framework\web\CController.php(270): CController->missingAction('edit')
#1 C:\xampp\htdocs\Yiiframework\protected\framework\web\CWebApplication.php(282): CController->run('edit')
#2 C:\xampp\htdocs\Yiiframework\protected\framework\web\CWebApplication.php(141): CWebApplication->runController('migration/edit')
#3 C:\xampp\htdocs\Yiiframework\protected\framework\base\CApplication.php(184): CWebApplication->processRequest()
#4 C:\xampp\htdocs\Yiiframework\index.php(13): CApplication->run()
#5 {main}
REQUEST_URI=/Yiiframework/index.php?r=migration/edit
---
2015/12/14 13:55:39 [error] [exception.CHttpException.404] exception 'CHttpException' with message 'The system is unable to find the requested action "create".' in C:\xampp\htdocs\Yiiframework\protected\framework\web\CController.php:483
Stack trace:
#0 C:\xampp\htdocs\Yiiframework\protected\framework\web\CController.php(270): CController->missingAction('create')
#1 C:\xampp\htdocs\Yiiframework\protected\framework\web\CWebApplication.php(282): CController->run('create')
#2 C:\xampp\htdocs\Yiiframework\protected\framework\web\CWebApplication.php(141): CWebApplication->runController('site/create')
#3 C:\xampp\htdocs\Yiiframework\protected\framework\base\CApplication.php(184): CWebApplication->processRequest()
#4 C:\xampp\htdocs\Yiiframework\index.php(13): CApplication->run()
#5 {main}
REQUEST_URI=/Yiiframework/index.php?r=site/create
---
2015/12/14 13:56:03 [error] [exception.CHttpException.404] exception 'CHttpException' with message 'The system is unable to find the requested action "add".' in C:\xampp\htdocs\Yiiframework\protected\framework\web\CController.php:483
Stack trace:
#0 C:\xampp\htdocs\Yiiframework\protected\framework\web\CController.php(270): CController->missingAction('add')
#1 C:\xampp\htdocs\Yiiframework\protected\framework\web\CWebApplication.php(282): CController->run('add')
#2 C:\xampp\htdocs\Yiiframework\protected\framework\web\CWebApplication.php(141): CWebApplication->runController('Migration/add')
#3 C:\xampp\htdocs\Yiiframework\protected\framework\base\CApplication.php(184): CWebApplication->processRequest()
#4 C:\xampp\htdocs\Yiiframework\index.php(13): CApplication->run()
#5 {main}
REQUEST_URI=/Yiiframework/index.php?r=Migration/add
---
2015/12/14 14:07:50 [error] [exception.CException] exception 'CException' with message 'Property "Migration.buttons" is not defined.' in C:\xampp\htdocs\Yiiframework\protected\framework\base\CComponent.php:130
Stack trace:
#0 C:\xampp\htdocs\Yiiframework\protected\framework\db\ar\CActiveRecord.php(145): CComponent->__get('buttons')
#1 C:\xampp\htdocs\Yiiframework\protected\framework\web\helpers\CHtml.php(2728): CActiveRecord->__get('buttons')
#2 C:\xampp\htdocs\Yiiframework\protected\framework\web\helpers\CHtml.php(2451): CHtml::resolveValue(Object(Migration), 'buttons')
#3 C:\xampp\htdocs\Yiiframework\protected\framework\web\helpers\CHtml.php(1533): CHtml::activeInputField('text', Object(Migration), 'buttons', Array)
#4 C:\xampp\htdocs\Yiiframework\protected\framework\zii\widgets\grid\CDataColumn.php(104): CHtml::activeTextField(Object(Migration), 'buttons', Array)
#5 C:\xampp\htdocs\Yiiframework\protected\framework\zii\widgets\grid\CGridColumn.php(253): CDataColumn->getFilterCellContent()
#6 C:\xampp\htdocs\Yiiframework\protected\framework\zii\widgets\grid\CGridColumn.php(119): CGridColumn->renderFilterCellContent()
#7 C:\xampp\htdocs\Yiiframework\protected\framework\zii\widgets\grid\CGridView.php(538): CGridColumn->renderFilterCell()
#8 C:\xampp\htdocs\Yiiframework\protected\framework\zii\widgets\grid\CGridView.php(516): CGridView->renderFilter()
#9 C:\xampp\htdocs\Yiiframework\protected\framework\zii\widgets\grid\CGridView.php(486): CGridView->renderTableHeader()
#10 C:\xampp\htdocs\Yiiframework\protected\framework\zii\widgets\CBaseListView.php(181): CGridView->renderItems()
#11 [internal function]: CBaseListView->renderSection(Array)
#12 C:\xampp\htdocs\Yiiframework\protected\framework\zii\widgets\CBaseListView.php(164): preg_replace_callback('/{(\\w+)}/', Array, '{summary}\n{item...')
#13 C:\xampp\htdocs\Yiiframework\protected\framework\zii\widgets\CBaseListView.php(149): CBaseListView->renderContent()
#14 C:\xampp\htdocs\Yiiframework\protected\framework\web\CBaseController.php(181): CBaseListView->run()
#15 C:\xampp\htdocs\Yiiframework\protected\views\migration\admin.php(58): CBaseController->widget('zii.widgets.gri...', Array)
#16 C:\xampp\htdocs\Yiiframework\protected\framework\web\CBaseController.php(126): require('C:\\xampp\\htdocs...')
#17 C:\xampp\htdocs\Yiiframework\protected\framework\web\CBaseController.php(95): CBaseController->renderInternal('C:\\xampp\\htdocs...', Array, true)
#18 C:\xampp\htdocs\Yiiframework\protected\framework\web\CController.php(869): CBaseController->renderFile('C:\\xampp\\htdocs...', Array, true)
#19 C:\xampp\htdocs\Yiiframework\protected\framework\web\CController.php(782): CController->renderPartial('admin', Array, true)
#20 C:\xampp\htdocs\Yiiframework\protected\controllers\MigrationController.php(143): CController->render('admin', Array)
#21 C:\xampp\htdocs\Yiiframework\protected\framework\web\actions\CInlineAction.php(49): MigrationController->actionAdmin()
#22 C:\xampp\htdocs\Yiiframework\protected\framework\web\CController.php(308): CInlineAction->runWithParams(Array)
#23 C:\xampp\htdocs\Yiiframework\protected\framework\web\filters\CFilterChain.php(133): CController->runAction(Object(CInlineAction))
#24 C:\xampp\htdocs\Yiiframework\protected\framework\web\filters\CFilter.php(40): CFilterChain->run()
#25 C:\xampp\htdocs\Yiiframework\protected\framework\web\CController.php(1145): CFilter->filter(Object(CFilterChain))
#26 C:\xampp\htdocs\Yiiframework\protected\framework\web\filters\CInlineFilter.php(58): CController->filterAccessControl(Object(CFilterChain))
#27 C:\xampp\htdocs\Yiiframework\protected\framework\web\filters\CFilterChain.php(130): CInlineFilter->filter(Object(CFilterChain))
#28 C:\xampp\htdocs\Yiiframework\protected\framework\web\CController.php(291): CFilterChain->run()
#29 C:\xampp\htdocs\Yiiframework\protected\framework\web\CController.php(265): CController->runActionWithFilters(Object(CInlineAction), Array)
#30 C:\xampp\htdocs\Yiiframework\protected\framework\web\CWebApplication.php(282): CController->run('admin')
#31 C:\xampp\htdocs\Yiiframework\protected\framework\web\CWebApplication.php(141): CWebApplication->runController('migration/admin')
#32 C:\xampp\htdocs\Yiiframework\protected\framework\base\CApplication.php(184): CWebApplication->processRequest()
#33 C:\xampp\htdocs\Yiiframework\index.php(13): CApplication->run()
#34 {main}
REQUEST_URI=/Yiiframework/index.php?r=migration/admin
---
2015/12/15 06:36:25 [error] [exception.CHttpException.404] exception 'CHttpException' with message 'The system is unable to find the requested action "delete".' in C:\xampp\htdocs\Yiiframework\protected\framework\web\CController.php:483
Stack trace:
#0 C:\xampp\htdocs\Yiiframework\protected\framework\web\CController.php(270): CController->missingAction('delete')
#1 C:\xampp\htdocs\Yiiframework\protected\framework\web\CWebApplication.php(282): CController->run('delete')
#2 C:\xampp\htdocs\Yiiframework\protected\framework\web\CWebApplication.php(141): CWebApplication->runController('first/delete')
#3 C:\xampp\htdocs\Yiiframework\protected\framework\base\CApplication.php(184): CWebApplication->processRequest()
#4 C:\xampp\htdocs\Yiiframework\index.php(13): CApplication->run()
#5 {main}
REQUEST_URI=/Yiiframework/index.php?r=first/delete
HTTP_REFERER=http://localhost/Yiiframework/index.php?r=first/index
---
2015/12/15 06:37:18 [error] [exception.CHttpException.404] exception 'CHttpException' with message 'The system is unable to find the requested action "delete".' in C:\xampp\htdocs\Yiiframework\protected\framework\web\CController.php:483
Stack trace:
#0 C:\xampp\htdocs\Yiiframework\protected\framework\web\CController.php(270): CController->missingAction('delete')
#1 C:\xampp\htdocs\Yiiframework\protected\framework\web\CWebApplication.php(282): CController->run('delete')
#2 C:\xampp\htdocs\Yiiframework\protected\framework\web\CWebApplication.php(141): CWebApplication->runController('first/delete')
#3 C:\xampp\htdocs\Yiiframework\protected\framework\base\CApplication.php(184): CWebApplication->processRequest()
#4 C:\xampp\htdocs\Yiiframework\index.php(13): CApplication->run()
#5 {main}
REQUEST_URI=/Yiiframework/index.php?r=first/delete
HTTP_REFERER=http://localhost/Yiiframework/index.php?r=first/index
---
2015/12/15 06:51:56 [error] [php] Missing argument 1 for Migration::delete(), called in C:\xampp\htdocs\Yiiframework\protected\controllers\FirstController.php on line 19 and defined (C:\xampp\htdocs\Yiiframework\protected\models\Migration.php:113)
Stack trace:
#0 C:\xampp\htdocs\Yiiframework\protected\framework\web\CController.php(308): CInlineAction->runWithParams()
#1 C:\xampp\htdocs\Yiiframework\protected\framework\web\CController.php(286): FirstController->runAction()
#2 C:\xampp\htdocs\Yiiframework\protected\framework\web\CController.php(265): FirstController->runActionWithFilters()
#3 C:\xampp\htdocs\Yiiframework\protected\framework\web\CWebApplication.php(282): FirstController->run()
#4 C:\xampp\htdocs\Yiiframework\protected\framework\web\CWebApplication.php(141): CWebApplication->runController()
#5 C:\xampp\htdocs\Yiiframework\protected\framework\base\CApplication.php(184): CWebApplication->processRequest()
#6 C:\xampp\htdocs\Yiiframework\index.php(13): CWebApplication->run()
REQUEST_URI=/Yiiframework/index.php?r=first/delete
in C:\xampp\htdocs\Yiiframework\protected\models\Migration.php (113)
in C:\xampp\htdocs\Yiiframework\protected\controllers\FirstController.php (19)
in C:\xampp\htdocs\Yiiframework\index.php (13)
2015/12/15 07:48:56 [error] [exception.CException] exception 'CException' with message 'FirstController cannot find the requested view "create".' in C:\xampp\htdocs\Yiiframework\protected\framework\web\CController.php:878
Stack trace:
#0 C:\xampp\htdocs\Yiiframework\protected\framework\web\CController.php(782): CController->renderPartial('create', Array, true)
#1 C:\xampp\htdocs\Yiiframework\protected\controllers\FirstController.php(51): CController->render('create', Array)
#2 C:\xampp\htdocs\Yiiframework\protected\framework\web\actions\CInlineAction.php(49): FirstController->actionCreate()
#3 C:\xampp\htdocs\Yiiframework\protected\framework\web\CController.php(308): CInlineAction->runWithParams(Array)
#4 C:\xampp\htdocs\Yiiframework\protected\framework\web\CController.php(286): CController->runAction(Object(CInlineAction))
#5 C:\xampp\htdocs\Yiiframework\protected\framework\web\CController.php(265): CController->runActionWithFilters(Object(CInlineAction), Array)
#6 C:\xampp\htdocs\Yiiframework\protected\framework\web\CWebApplication.php(282): CController->run('create')
#7 C:\xampp\htdocs\Yiiframework\protected\framework\web\CWebApplication.php(141): CWebApplication->runController('first/create')
#8 C:\xampp\htdocs\Yiiframework\protected\framework\base\CApplication.php(184): CWebApplication->processRequest()
#9 C:\xampp\htdocs\Yiiframework\index.php(13): CApplication->run()
#10 {main}
REQUEST_URI=/Yiiframework/index.php?r=first/create
HTTP_REFERER=http://localhost/Yiiframework/index.php?r=first/index
---
2015/12/15 07:52:10 [error] [exception.CException] exception 'CException' with message 'FirstController cannot find the requested view "create".' in C:\xampp\htdocs\Yiiframework\protected\framework\web\CController.php:878
Stack trace:
#0 C:\xampp\htdocs\Yiiframework\protected\framework\web\CController.php(782): CController->renderPartial('create', Array, true)
#1 C:\xampp\htdocs\Yiiframework\protected\controllers\FirstController.php(54): CController->render('create', Array)
#2 C:\xampp\htdocs\Yiiframework\protected\framework\web\actions\CInlineAction.php(49): FirstController->actionCreate()
#3 C:\xampp\htdocs\Yiiframework\protected\framework\web\CController.php(308): CInlineAction->runWithParams(Array)
#4 C:\xampp\htdocs\Yiiframework\protected\framework\web\CController.php(286): CController->runAction(Object(CInlineAction))
#5 C:\xampp\htdocs\Yiiframework\protected\framework\web\CController.php(265): CController->runActionWithFilters(Object(CInlineAction), Array)
#6 C:\xampp\htdocs\Yiiframework\protected\framework\web\CWebApplication.php(282): CController->run('create')
#7 C:\xampp\htdocs\Yiiframework\protected\framework\web\CWebApplication.php(141): CWebApplication->runController('first/create')
#8 C:\xampp\htdocs\Yiiframework\protected\framework\base\CApplication.php(184): CWebApplication->processRequest()
#9 C:\xampp\htdocs\Yiiframework\index.php(13): CApplication->run()
#10 {main}
REQUEST_URI=/Yiiframework/index.php?r=first/create
HTTP_REFERER=http://localhost/Yiiframework/index.php?r=first/index
---
2015/12/15 07:53:22 [error] [exception.CException] exception 'CException' with message 'FirstController cannot find the requested view "create".' in C:\xampp\htdocs\Yiiframework\protected\framework\web\CController.php:878
Stack trace:
#0 C:\xampp\htdocs\Yiiframework\protected\framework\web\CController.php(782): CController->renderPartial('create', Array, true)
#1 C:\xampp\htdocs\Yiiframework\protected\controllers\FirstController.php(54): CController->render('create', Array)
#2 C:\xampp\htdocs\Yiiframework\protected\framework\web\actions\CInlineAction.php(49): FirstController->actionCreate()
#3 C:\xampp\htdocs\Yiiframework\protected\framework\web\CController.php(308): CInlineAction->runWithParams(Array)
#4 C:\xampp\htdocs\Yiiframework\protected\framework\web\CController.php(286): CController->runAction(Object(CInlineAction))
#5 C:\xampp\htdocs\Yiiframework\protected\framework\web\CController.php(265): CController->runActionWithFilters(Object(CInlineAction), Array)
#6 C:\xampp\htdocs\Yiiframework\protected\framework\web\CWebApplication.php(282): CController->run('create')
#7 C:\xampp\htdocs\Yiiframework\protected\framework\web\CWebApplication.php(141): CWebApplication->runController('first/create')
#8 C:\xampp\htdocs\Yiiframework\protected\framework\base\CApplication.php(184): CWebApplication->processRequest()
#9 C:\xampp\htdocs\Yiiframework\index.php(13): CApplication->run()
#10 {main}
REQUEST_URI=/Yiiframework/index.php?r=first/create
HTTP_REFERER=http://localhost/Yiiframework/index.php?r=first/index
---
2015/12/15 07:53:23 [error] [exception.CException] exception 'CException' with message 'FirstController cannot find the requested view "create".' in C:\xampp\htdocs\Yiiframework\protected\framework\web\CController.php:878
Stack trace:
#0 C:\xampp\htdocs\Yiiframework\protected\framework\web\CController.php(782): CController->renderPartial('create', Array, true)
#1 C:\xampp\htdocs\Yiiframework\protected\controllers\FirstController.php(54): CController->render('create', Array)
#2 C:\xampp\htdocs\Yiiframework\protected\framework\web\actions\CInlineAction.php(49): FirstController->actionCreate()
#3 C:\xampp\htdocs\Yiiframework\protected\framework\web\CController.php(308): CInlineAction->runWithParams(Array)
#4 C:\xampp\htdocs\Yiiframework\protected\framework\web\CController.php(286): CController->runAction(Object(CInlineAction))
#5 C:\xampp\htdocs\Yiiframework\protected\framework\web\CController.php(265): CController->runActionWithFilters(Object(CInlineAction), Array)
#6 C:\xampp\htdocs\Yiiframework\protected\framework\web\CWebApplication.php(282): CController->run('create')
#7 C:\xampp\htdocs\Yiiframework\protected\framework\web\CWebApplication.php(141): CWebApplication->runController('first/create')
#8 C:\xampp\htdocs\Yiiframework\protected\framework\base\CApplication.php(184): CWebApplication->processRequest()
#9 C:\xampp\htdocs\Yiiframework\index.php(13): CApplication->run()
#10 {main}
REQUEST_URI=/Yiiframework/index.php?r=first/create
HTTP_REFERER=http://localhost/Yiiframework/index.php?r=first/index
---
2015/12/15 07:53:43 [error] [exception.CException] exception 'CException' with message 'FirstController cannot find the requested view "create".' in C:\xampp\htdocs\Yiiframework\protected\framework\web\CController.php:878
Stack trace:
#0 C:\xampp\htdocs\Yiiframework\protected\framework\web\CController.php(782): CController->renderPartial('create', Array, true)
#1 C:\xampp\htdocs\Yiiframework\protected\controllers\FirstController.php(54): CController->render('create', Array)
#2 C:\xampp\htdocs\Yiiframework\protected\framework\web\actions\CInlineAction.php(49): FirstController->actionCreate()
#3 C:\xampp\htdocs\Yiiframework\protected\framework\web\CController.php(308): CInlineAction->runWithParams(Array)
#4 C:\xampp\htdocs\Yiiframework\protected\framework\web\CController.php(286): CController->runAction(Object(CInlineAction))
#5 C:\xampp\htdocs\Yiiframework\protected\framework\web\CController.php(265): CController->runActionWithFilters(Object(CInlineAction), Array)
#6 C:\xampp\htdocs\Yiiframework\protected\framework\web\CWebApplication.php(282): CController->run('create')
#7 C:\xampp\htdocs\Yiiframework\protected\framework\web\CWebApplication.php(141): CWebApplication->runController('first/create')
#8 C:\xampp\htdocs\Yiiframework\protected\framework\base\CApplication.php(184): CWebApplication->processRequest()
#9 C:\xampp\htdocs\Yiiframework\index.php(13): CApplication->run()
#10 {main}
REQUEST_URI=/Yiiframework/index.php?r=first/create
HTTP_REFERER=http://localhost/Yiiframework/index.php?r=first/index
---
2015/12/15 07:55:16 [error] [exception.CException] exception 'CException' with message 'FirstController cannot find the requested view "create".' in C:\xampp\htdocs\Yiiframework\protected\framework\web\CController.php:878
Stack trace:
#0 C:\xampp\htdocs\Yiiframework\protected\framework\web\CController.php(782): CController->renderPartial('create', Array, true)
#1 C:\xampp\htdocs\Yiiframework\protected\controllers\FirstController.php(54): CController->render('create', Array)
#2 C:\xampp\htdocs\Yiiframework\protected\framework\web\actions\CInlineAction.php(49): FirstController->actionCreate()
#3 C:\xampp\htdocs\Yiiframework\protected\framework\web\CController.php(308): CInlineAction->runWithParams(Array)
#4 C:\xampp\htdocs\Yiiframework\protected\framework\web\CController.php(286): CController->runAction(Object(CInlineAction))
#5 C:\xampp\htdocs\Yiiframework\protected\framework\web\CController.php(265): CController->runActionWithFilters(Object(CInlineAction), Array)
#6 C:\xampp\htdocs\Yiiframework\protected\framework\web\CWebApplication.php(282): CController->run('create')
#7 C:\xampp\htdocs\Yiiframework\protected\framework\web\CWebApplication.php(141): CWebApplication->runController('first/create')
#8 C:\xampp\htdocs\Yiiframework\protected\framework\base\CApplication.php(184): CWebApplication->processRequest()
#9 C:\xampp\htdocs\Yiiframework\index.php(13): CApplication->run()
#10 {main}
REQUEST_URI=/Yiiframework/index.php?r=first/create
HTTP_REFERER=http://localhost/Yiiframework/index.php?r=first/index
---
2015/12/15 07:56:15 [error] [exception.CException] exception 'CException' with message 'FirstController cannot find the requested view "create".' in C:\xampp\htdocs\Yiiframework\protected\framework\web\CController.php:878
Stack trace:
#0 C:\xampp\htdocs\Yiiframework\protected\framework\web\CController.php(782): CController->renderPartial('create', Array, true)
#1 C:\xampp\htdocs\Yiiframework\protected\controllers\FirstController.php(54): CController->render('create', Array)
#2 C:\xampp\htdocs\Yiiframework\protected\framework\web\actions\CInlineAction.php(49): FirstController->actionCreate()
#3 C:\xampp\htdocs\Yiiframework\protected\framework\web\CController.php(308): CInlineAction->runWithParams(Array)
#4 C:\xampp\htdocs\Yiiframework\protected\framework\web\CController.php(286): CController->runAction(Object(CInlineAction))
#5 C:\xampp\htdocs\Yiiframework\protected\framework\web\CController.php(265): CController->runActionWithFilters(Object(CInlineAction), Array)
#6 C:\xampp\htdocs\Yiiframework\protected\framework\web\CWebApplication.php(282): CController->run('create')
#7 C:\xampp\htdocs\Yiiframework\protected\framework\web\CWebApplication.php(141): CWebApplication->runController('first/create')
#8 C:\xampp\htdocs\Yiiframework\protected\framework\base\CApplication.php(184): CWebApplication->processRequest()
#9 C:\xampp\htdocs\Yiiframework\index.php(13): CApplication->run()
#10 {main}
REQUEST_URI=/Yiiframework/index.php?r=first/create
HTTP_REFERER=http://localhost/Yiiframework/index.php?r=first/index
---
2015/12/15 08:27:01 [error] [exception.CHttpException.404] exception 'CHttpException' with message 'The system is unable to find the requested action "view".' in C:\xampp\htdocs\Yiiframework\protected\framework\web\CController.php:483
Stack trace:
#0 C:\xampp\htdocs\Yiiframework\protected\framework\web\CController.php(270): CController->missingAction('view')
#1 C:\xampp\htdocs\Yiiframework\protected\framework\web\CWebApplication.php(282): CController->run('view')
#2 C:\xampp\htdocs\Yiiframework\protected\framework\web\CWebApplication.php(141): CWebApplication->runController('first/view')
#3 C:\xampp\htdocs\Yiiframework\protected\framework\base\CApplication.php(184): CWebApplication->processRequest()
#4 C:\xampp\htdocs\Yiiframework\index.php(13): CApplication->run()
#5 {main}
REQUEST_URI=/Yiiframework/index.php?r=first/view&id=5
HTTP_REFERER=http://localhost/Yiiframework/index.php?r=first/index
---
2015/12/15 08:28:25 [error] [exception.CException] exception 'CException' with message 'FirstController cannot find the requested view "create".' in C:\xampp\htdocs\Yiiframework\protected\framework\web\CController.php:878
Stack trace:
#0 C:\xampp\htdocs\Yiiframework\protected\framework\web\CController.php(782): CController->renderPartial('create', Array, true)
#1 C:\xampp\htdocs\Yiiframework\protected\controllers\FirstController.php(57): CController->render('create', Array)
#2 C:\xampp\htdocs\Yiiframework\protected\framework\web\actions\CInlineAction.php(49): FirstController->actionCreate()
#3 C:\xampp\htdocs\Yiiframework\protected\framework\web\CController.php(308): CInlineAction->runWithParams(Array)
#4 C:\xampp\htdocs\Yiiframework\protected\framework\web\CController.php(286): CController->runAction(Object(CInlineAction))
#5 C:\xampp\htdocs\Yiiframework\protected\framework\web\CController.php(265): CController->runActionWithFilters(Object(CInlineAction), Array)
#6 C:\xampp\htdocs\Yiiframework\protected\framework\web\CWebApplication.php(282): CController->run('create')
#7 C:\xampp\htdocs\Yiiframework\protected\framework\web\CWebApplication.php(141): CWebApplication->runController('first/create')
#8 C:\xampp\htdocs\Yiiframework\protected\framework\base\CApplication.php(184): CWebApplication->processRequest()
#9 C:\xampp\htdocs\Yiiframework\index.php(13): CApplication->run()
#10 {main}
REQUEST_URI=/Yiiframework/index.php?r=first/create
HTTP_REFERER=http://localhost/Yiiframework/index.php?r=first/index
---
2015/12/15 08:28:51 [error] [exception.CException] exception 'CException' with message 'FirstController cannot find the requested view "create".' in C:\xampp\htdocs\Yiiframework\protected\framework\web\CController.php:878
Stack trace:
#0 C:\xampp\htdocs\Yiiframework\protected\framework\web\CController.php(782): CController->renderPartial('create', Array, true)
#1 C:\xampp\htdocs\Yiiframework\protected\controllers\FirstController.php(57): CController->render('create', Array)
#2 C:\xampp\htdocs\Yiiframework\protected\framework\web\actions\CInlineAction.php(49): FirstController->actionCreate()
#3 C:\xampp\htdocs\Yiiframework\protected\framework\web\CController.php(308): CInlineAction->runWithParams(Array)
#4 C:\xampp\htdocs\Yiiframework\protected\framework\web\CController.php(286): CController->runAction(Object(CInlineAction))
#5 C:\xampp\htdocs\Yiiframework\protected\framework\web\CController.php(265): CController->runActionWithFilters(Object(CInlineAction), Array)
#6 C:\xampp\htdocs\Yiiframework\protected\framework\web\CWebApplication.php(282): CController->run('create')
#7 C:\xampp\htdocs\Yiiframework\protected\framework\web\CWebApplication.php(141): CWebApplication->runController('first/create')
#8 C:\xampp\htdocs\Yiiframework\protected\framework\base\CApplication.php(184): CWebApplication->processRequest()
#9 C:\xampp\htdocs\Yiiframework\index.php(13): CApplication->run()
#10 {main}
REQUEST_URI=/Yiiframework/index.php?r=first/create
HTTP_REFERER=http://localhost/Yiiframework/index.php?r=first/index
---
2015/12/15 08:32:44 [warning] [application] Failed to set unsafe attribute "add" of "Migration".
in C:\xampp\htdocs\Yiiframework\protected\controllers\FirstController.php (47)
in C:\xampp\htdocs\Yiiframework\index.php (13)
2015/12/15 08:32:44 [error] [exception.CException] exception 'CException' with message 'FirstController cannot find the requested view "create".' in C:\xampp\htdocs\Yiiframework\protected\framework\web\CController.php:878
Stack trace:
#0 C:\xampp\htdocs\Yiiframework\protected\framework\web\CController.php(782): CController->renderPartial('create', Array, true)
#1 C:\xampp\htdocs\Yiiframework\protected\controllers\FirstController.php(57): CController->render('create', Array)
#2 C:\xampp\htdocs\Yiiframework\protected\framework\web\actions\CInlineAction.php(49): FirstController->actionCreate()
#3 C:\xampp\htdocs\Yiiframework\protected\framework\web\CController.php(308): CInlineAction->runWithParams(Array)
#4 C:\xampp\htdocs\Yiiframework\protected\framework\web\CController.php(286): CController->runAction(Object(CInlineAction))
#5 C:\xampp\htdocs\Yiiframework\protected\framework\web\CController.php(265): CController->runActionWithFilters(Object(CInlineAction), Array)
#6 C:\xampp\htdocs\Yiiframework\protected\framework\web\CWebApplication.php(282): CController->run('create')
#7 C:\xampp\htdocs\Yiiframework\protected\framework\web\CWebApplication.php(141): CWebApplication->runController('first/create')
#8 C:\xampp\htdocs\Yiiframework\protected\framework\base\CApplication.php(184): CWebApplication->processRequest()
#9 C:\xampp\htdocs\Yiiframework\index.php(13): CApplication->run()
#10 {main}
REQUEST_URI=/Yiiframework/index.php?r=first/create
HTTP_REFERER=http://localhost/Yiiframework/index.php?r=first/index
---
2015/12/15 08:35:57 [error] [exception.CException] exception 'CException' with message 'FirstController cannot find the requested view "create".' in C:\xampp\htdocs\Yiiframework\protected\framework\web\CController.php:878
Stack trace:
#0 C:\xampp\htdocs\Yiiframework\protected\framework\web\CController.php(782): CController->renderPartial('create', Array, true)
#1 C:\xampp\htdocs\Yiiframework\protected\controllers\FirstController.php(58): CController->render('create', Array)
#2 C:\xampp\htdocs\Yiiframework\protected\framework\web\actions\CInlineAction.php(49): FirstController->actionCreate()
#3 C:\xampp\htdocs\Yiiframework\protected\framework\web\CController.php(308): CInlineAction->runWithParams(Array)
#4 C:\xampp\htdocs\Yiiframework\protected\framework\web\CController.php(286): CController->runAction(Object(CInlineAction))
#5 C:\xampp\htdocs\Yiiframework\protected\framework\web\CController.php(265): CController->runActionWithFilters(Object(CInlineAction), Array)
#6 C:\xampp\htdocs\Yiiframework\protected\framework\web\CWebApplication.php(282): CController->run('create')
#7 C:\xampp\htdocs\Yiiframework\protected\framework\web\CWebApplication.php(141): CWebApplication->runController('first/create')
#8 C:\xampp\htdocs\Yiiframework\protected\framework\base\CApplication.php(184): CWebApplication->processRequest()
#9 C:\xampp\htdocs\Yiiframework\index.php(13): CApplication->run()
#10 {main}
REQUEST_URI=/Yiiframework/index.php?r=first/create
HTTP_REFERER=http://localhost/Yiiframework/index.php?r=first/index
---
2015/12/15 08:47:38 [error] [php] Invalid argument supplied for foreach() (C:\xampp\htdocs\Yiiframework\protected\models\Migration.php:117)
Stack trace:
#0 C:\xampp\htdocs\Yiiframework\protected\framework\web\CController.php(308): CInlineAction->runWithParams()
#1 C:\xampp\htdocs\Yiiframework\protected\framework\web\CController.php(286): FirstController->runAction()
#2 C:\xampp\htdocs\Yiiframework\protected\framework\web\CController.php(265): FirstController->runActionWithFilters()
#3 C:\xampp\htdocs\Yiiframework\protected\framework\web\CWebApplication.php(282): FirstController->run()
#4 C:\xampp\htdocs\Yiiframework\protected\framework\web\CWebApplication.php(141): CWebApplication->runController()
#5 C:\xampp\htdocs\Yiiframework\protected\framework\base\CApplication.php(184): CWebApplication->processRequest()
#6 C:\xampp\htdocs\Yiiframework\index.php(13): CWebApplication->run()
REQUEST_URI=/Yiiframework/index.php?r=first/create
in C:\xampp\htdocs\Yiiframework\protected\models\Migration.php (117)
in C:\xampp\htdocs\Yiiframework\protected\controllers\FirstController.php (47)
in C:\xampp\htdocs\Yiiframework\index.php (13)
2015/12/15 08:47:42 [error] [php] Invalid argument supplied for foreach() (C:\xampp\htdocs\Yiiframework\protected\models\Migration.php:117)
Stack trace:
#0 C:\xampp\htdocs\Yiiframework\protected\framework\web\CController.php(308): CInlineAction->runWithParams()
#1 C:\xampp\htdocs\Yiiframework\protected\framework\web\CController.php(286): FirstController->runAction()
#2 C:\xampp\htdocs\Yiiframework\protected\framework\web\CController.php(265): FirstController->runActionWithFilters()
#3 C:\xampp\htdocs\Yiiframework\protected\framework\web\CWebApplication.php(282): FirstController->run()
#4 C:\xampp\htdocs\Yiiframework\protected\framework\web\CWebApplication.php(141): CWebApplication->runController()
#5 C:\xampp\htdocs\Yiiframework\protected\framework\base\CApplication.php(184): CWebApplication->processRequest()
#6 C:\xampp\htdocs\Yiiframework\index.php(13): CWebApplication->run()
REQUEST_URI=/Yiiframework/index.php?r=first/create
in C:\xampp\htdocs\Yiiframework\protected\models\Migration.php (117)
in C:\xampp\htdocs\Yiiframework\protected\controllers\FirstController.php (47)
in C:\xampp\htdocs\Yiiframework\index.php (13)
2015/12/15 08:48:07 [error] [php] Invalid argument supplied for foreach() (C:\xampp\htdocs\Yiiframework\protected\models\Migration.php:117)
Stack trace:
#0 C:\xampp\htdocs\Yiiframework\protected\framework\web\CController.php(308): CInlineAction->runWithParams()
#1 C:\xampp\htdocs\Yiiframework\protected\framework\web\CController.php(286): FirstController->runAction()
#2 C:\xampp\htdocs\Yiiframework\protected\framework\web\CController.php(265): FirstController->runActionWithFilters()
#3 C:\xampp\htdocs\Yiiframework\protected\framework\web\CWebApplication.php(282): FirstController->run()
#4 C:\xampp\htdocs\Yiiframework\protected\framework\web\CWebApplication.php(141): CWebApplication->runController()
#5 C:\xampp\htdocs\Yiiframework\protected\framework\base\CApplication.php(184): CWebApplication->processRequest()
#6 C:\xampp\htdocs\Yiiframework\index.php(13): CWebApplication->run()
REQUEST_URI=/Yiiframework/index.php?r=first/create
in C:\xampp\htdocs\Yiiframework\protected\models\Migration.php (117)
in C:\xampp\htdocs\Yiiframework\protected\controllers\FirstController.php (47)
in C:\xampp\htdocs\Yiiframework\index.php (13)
2015/12/15 08:48:12 [error] [php] Invalid argument supplied for foreach() (C:\xampp\htdocs\Yiiframework\protected\models\Migration.php:117)
Stack trace:
#0 C:\xampp\htdocs\Yiiframework\protected\framework\web\CController.php(308): CInlineAction->runWithParams()
#1 C:\xampp\htdocs\Yiiframework\protected\framework\web\CController.php(286): FirstController->runAction()
#2 C:\xampp\htdocs\Yiiframework\protected\framework\web\CController.php(265): FirstController->runActionWithFilters()
#3 C:\xampp\htdocs\Yiiframework\protected\framework\web\CWebApplication.php(282): FirstController->run()
#4 C:\xampp\htdocs\Yiiframework\protected\framework\web\CWebApplication.php(141): CWebApplication->runController()
#5 C:\xampp\htdocs\Yiiframework\protected\framework\base\CApplication.php(184): CWebApplication->processRequest()
#6 C:\xampp\htdocs\Yiiframework\index.php(13): CWebApplication->run()
REQUEST_URI=/Yiiframework/index.php?r=first/create
in C:\xampp\htdocs\Yiiframework\protected\models\Migration.php (117)
in C:\xampp\htdocs\Yiiframework\protected\controllers\FirstController.php (47)
in C:\xampp\htdocs\Yiiframework\index.php (13)
2015/12/15 08:49:59 [error] [php] Invalid argument supplied for foreach() (C:\xampp\htdocs\Yiiframework\protected\models\Migration.php:117)
Stack trace:
#0 C:\xampp\htdocs\Yiiframework\protected\framework\web\CController.php(308): CInlineAction->runWithParams()
#1 C:\xampp\htdocs\Yiiframework\protected\framework\web\CController.php(286): FirstController->runAction()
#2 C:\xampp\htdocs\Yiiframework\protected\framework\web\CController.php(265): FirstController->runActionWithFilters()
#3 C:\xampp\htdocs\Yiiframework\protected\framework\web\CWebApplication.php(282): FirstController->run()
#4 C:\xampp\htdocs\Yiiframework\protected\framework\web\CWebApplication.php(141): CWebApplication->runController()
#5 C:\xampp\htdocs\Yiiframework\protected\framework\base\CApplication.php(184): CWebApplication->processRequest()
#6 C:\xampp\htdocs\Yiiframework\index.php(13): CWebApplication->run()
REQUEST_URI=/Yiiframework/index.php?r=first/create
in C:\xampp\htdocs\Yiiframework\protected\models\Migration.php (117)
in C:\xampp\htdocs\Yiiframework\protected\controllers\FirstController.php (47)
in C:\xampp\htdocs\Yiiframework\index.php (13)
2015/12/15 08:50:20 [error] [php] Invalid argument supplied for foreach() (C:\xampp\htdocs\Yiiframework\protected\models\Migration.php:117)
Stack trace:
#0 C:\xampp\htdocs\Yiiframework\protected\framework\web\CController.php(308): CInlineAction->runWithParams()
#1 C:\xampp\htdocs\Yiiframework\protected\framework\web\CController.php(286): FirstController->runAction()
#2 C:\xampp\htdocs\Yiiframework\protected\framework\web\CController.php(265): FirstController->runActionWithFilters()
#3 C:\xampp\htdocs\Yiiframework\protected\framework\web\CWebApplication.php(282): FirstController->run()
#4 C:\xampp\htdocs\Yiiframework\protected\framework\web\CWebApplication.php(141): CWebApplication->runController()
#5 C:\xampp\htdocs\Yiiframework\protected\framework\base\CApplication.php(184): CWebApplication->processRequest()
#6 C:\xampp\htdocs\Yiiframework\index.php(13): CWebApplication->run()
REQUEST_URI=/Yiiframework/index.php?r=first/create
in C:\xampp\htdocs\Yiiframework\protected\models\Migration.php (117)
in C:\xampp\htdocs\Yiiframework\protected\controllers\FirstController.php (47)
in C:\xampp\htdocs\Yiiframework\index.php (13)
2015/12/15 08:50:39 [error] [php] Invalid argument supplied for foreach() (C:\xampp\htdocs\Yiiframework\protected\models\Migration.php:117)
Stack trace:
#0 C:\xampp\htdocs\Yiiframework\protected\framework\web\CController.php(308): CInlineAction->runWithParams()
#1 C:\xampp\htdocs\Yiiframework\protected\framework\web\CController.php(286): FirstController->runAction()
#2 C:\xampp\htdocs\Yiiframework\protected\framework\web\CController.php(265): FirstController->runActionWithFilters()
#3 C:\xampp\htdocs\Yiiframework\protected\framework\web\CWebApplication.php(282): FirstController->run()
#4 C:\xampp\htdocs\Yiiframework\protected\framework\web\CWebApplication.php(141): CWebApplication->runController()
#5 C:\xampp\htdocs\Yiiframework\protected\framework\base\CApplication.php(184): CWebApplication->processRequest()
#6 C:\xampp\htdocs\Yiiframework\index.php(13): CWebApplication->run()
REQUEST_URI=/Yiiframework/index.php?r=first/create
in C:\xampp\htdocs\Yiiframework\protected\models\Migration.php (117)
in C:\xampp\htdocs\Yiiframework\protected\controllers\FirstController.php (47)
in C:\xampp\htdocs\Yiiframework\index.php (13)
2015/12/15 08:52:12 [error] [php] Invalid argument supplied for foreach() (C:\xampp\htdocs\Yiiframework\protected\models\Migration.php:118)
Stack trace:
#0 C:\xampp\htdocs\Yiiframework\protected\framework\web\CController.php(308): CInlineAction->runWithParams()
#1 C:\xampp\htdocs\Yiiframework\protected\framework\web\CController.php(286): FirstController->runAction()
#2 C:\xampp\htdocs\Yiiframework\protected\framework\web\CController.php(265): FirstController->runActionWithFilters()
#3 C:\xampp\htdocs\Yiiframework\protected\framework\web\CWebApplication.php(282): FirstController->run()
#4 C:\xampp\htdocs\Yiiframework\protected\framework\web\CWebApplication.php(141): CWebApplication->runController()
#5 C:\xampp\htdocs\Yiiframework\protected\framework\base\CApplication.php(184): CWebApplication->processRequest()
#6 C:\xampp\htdocs\Yiiframework\index.php(13): CWebApplication->run()
REQUEST_URI=/Yiiframework/index.php?r=first/create
in C:\xampp\htdocs\Yiiframework\protected\models\Migration.php (118)
in C:\xampp\htdocs\Yiiframework\protected\controllers\FirstController.php (47)
in C:\xampp\htdocs\Yiiframework\index.php (13)
2015/12/15 08:52:29 [error] [php] Invalid argument supplied for foreach() (C:\xampp\htdocs\Yiiframework\protected\models\Migration.php:118)
Stack trace:
#0 C:\xampp\htdocs\Yiiframework\protected\framework\web\CController.php(308): CInlineAction->runWithParams()
#1 C:\xampp\htdocs\Yiiframework\protected\framework\web\CController.php(286): FirstController->runAction()
#2 C:\xampp\htdocs\Yiiframework\protected\framework\web\CController.php(265): FirstController->runActionWithFilters()
#3 C:\xampp\htdocs\Yiiframework\protected\framework\web\CWebApplication.php(282): FirstController->run()
#4 C:\xampp\htdocs\Yiiframework\protected\framework\web\CWebApplication.php(141): CWebApplication->runController()
#5 C:\xampp\htdocs\Yiiframework\protected\framework\base\CApplication.php(184): CWebApplication->processRequest()
#6 C:\xampp\htdocs\Yiiframework\index.php(13): CWebApplication->run()
REQUEST_URI=/Yiiframework/index.php?r=first/create
in C:\xampp\htdocs\Yiiframework\protected\models\Migration.php (118)
in C:\xampp\htdocs\Yiiframework\protected\controllers\FirstController.php (47)
in C:\xampp\htdocs\Yiiframework\index.php (13)
2015/12/15 08:53:37 [error] [php] Invalid argument supplied for foreach() (C:\xampp\htdocs\Yiiframework\protected\models\Migration.php:118)
Stack trace:
#0 C:\xampp\htdocs\Yiiframework\protected\framework\web\CController.php(308): CInlineAction->runWithParams()
#1 C:\xampp\htdocs\Yiiframework\protected\framework\web\CController.php(286): FirstController->runAction()
#2 C:\xampp\htdocs\Yiiframework\protected\framework\web\CController.php(265): FirstController->runActionWithFilters()
#3 C:\xampp\htdocs\Yiiframework\protected\framework\web\CWebApplication.php(282): FirstController->run()
#4 C:\xampp\htdocs\Yiiframework\protected\framework\web\CWebApplication.php(141): CWebApplication->runController()
#5 C:\xampp\htdocs\Yiiframework\protected\framework\base\CApplication.php(184): CWebApplication->processRequest()
#6 C:\xampp\htdocs\Yiiframework\index.php(13): CWebApplication->run()
REQUEST_URI=/Yiiframework/index.php?r=first/create
in C:\xampp\htdocs\Yiiframework\protected\models\Migration.php (118)
in C:\xampp\htdocs\Yiiframework\protected\controllers\FirstController.php (47)
in C:\xampp\htdocs\Yiiframework\index.php (13)
2015/12/15 08:55:19 [error] [php] Invalid argument supplied for foreach() (C:\xampp\htdocs\Yiiframework\protected\models\Migration.php:118)
Stack trace:
#0 C:\xampp\htdocs\Yiiframework\protected\framework\web\CController.php(308): CInlineAction->runWithParams()
#1 C:\xampp\htdocs\Yiiframework\protected\framework\web\CController.php(286): FirstController->runAction()
#2 C:\xampp\htdocs\Yiiframework\protected\framework\web\CController.php(265): FirstController->runActionWithFilters()
#3 C:\xampp\htdocs\Yiiframework\protected\framework\web\CWebApplication.php(282): FirstController->run()
#4 C:\xampp\htdocs\Yiiframework\protected\framework\web\CWebApplication.php(141): CWebApplication->runController()
#5 C:\xampp\htdocs\Yiiframework\protected\framework\base\CApplication.php(184): CWebApplication->processRequest()
#6 C:\xampp\htdocs\Yiiframework\index.php(13): CWebApplication->run()
REQUEST_URI=/Yiiframework/index.php?r=first/create
in C:\xampp\htdocs\Yiiframework\protected\models\Migration.php (118)
in C:\xampp\htdocs\Yiiframework\protected\controllers\FirstController.php (47)
in C:\xampp\htdocs\Yiiframework\index.php (13)
2015/12/15 08:55:39 [error] [php] Invalid argument supplied for foreach() (C:\xampp\htdocs\Yiiframework\protected\models\Migration.php:118)
Stack trace:
#0 C:\xampp\htdocs\Yiiframework\protected\framework\web\CController.php(308): CInlineAction->runWithParams()
#1 C:\xampp\htdocs\Yiiframework\protected\framework\web\CController.php(286): FirstController->runAction()
#2 C:\xampp\htdocs\Yiiframework\protected\framework\web\CController.php(265): FirstController->runActionWithFilters()
#3 C:\xampp\htdocs\Yiiframework\protected\framework\web\CWebApplication.php(282): FirstController->run()
#4 C:\xampp\htdocs\Yiiframework\protected\framework\web\CWebApplication.php(141): CWebApplication->runController()
#5 C:\xampp\htdocs\Yiiframework\protected\framework\base\CApplication.php(184): CWebApplication->processRequest()
#6 C:\xampp\htdocs\Yiiframework\index.php(13): CWebApplication->run()
REQUEST_URI=/Yiiframework/index.php?r=first/create
in C:\xampp\htdocs\Yiiframework\protected\models\Migration.php (118)
in C:\xampp\htdocs\Yiiframework\protected\controllers\FirstController.php (47)
in C:\xampp\htdocs\Yiiframework\index.php (13)
2015/12/15 08:56:17 [error] [php] Invalid argument supplied for foreach() (C:\xampp\htdocs\Yiiframework\protected\models\Migration.php:118)
Stack trace:
#0 C:\xampp\htdocs\Yiiframework\protected\framework\web\CController.php(308): CInlineAction->runWithParams()
#1 C:\xampp\htdocs\Yiiframework\protected\framework\web\CController.php(286): FirstController->runAction()
#2 C:\xampp\htdocs\Yiiframework\protected\framework\web\CController.php(265): FirstController->runActionWithFilters()
#3 C:\xampp\htdocs\Yiiframework\protected\framework\web\CWebApplication.php(282): FirstController->run()
#4 C:\xampp\htdocs\Yiiframework\protected\framework\web\CWebApplication.php(141): CWebApplication->runController()
#5 C:\xampp\htdocs\Yiiframework\protected\framework\base\CApplication.php(184): CWebApplication->processRequest()
#6 C:\xampp\htdocs\Yiiframework\index.php(13): CWebApplication->run()
REQUEST_URI=/Yiiframework/index.php?r=first/create
in C:\xampp\htdocs\Yiiframework\protected\models\Migration.php (118)
in C:\xampp\htdocs\Yiiframework\protected\controllers\FirstController.php (47)
in C:\xampp\htdocs\Yiiframework\index.php (13)
2015/12/15 09:00:03 [error] [php] Undefined index: test (C:\xampp\htdocs\Yiiframework\protected\controllers\FirstController.php:46)
Stack trace:
#0 C:\xampp\htdocs\Yiiframework\protected\framework\web\CController.php(286): FirstController->runAction()
#1 C:\xampp\htdocs\Yiiframework\protected\framework\web\CController.php(265): FirstController->runActionWithFilters()
#2 C:\xampp\htdocs\Yiiframework\protected\framework\web\CWebApplication.php(282): FirstController->run()
#3 C:\xampp\htdocs\Yiiframework\protected\framework\web\CWebApplication.php(141): CWebApplication->runController()
#4 C:\xampp\htdocs\Yiiframework\protected\framework\base\CApplication.php(184): CWebApplication->processRequest()
#5 C:\xampp\htdocs\Yiiframework\index.php(13): CWebApplication->run()
REQUEST_URI=/Yiiframework/index.php?r=first/create
in C:\xampp\htdocs\Yiiframework\protected\controllers\FirstController.php (46)
in C:\xampp\htdocs\Yiiframework\index.php (13)
2015/12/15 09:00:07 [error] [php] Undefined index: test (C:\xampp\htdocs\Yiiframework\protected\controllers\FirstController.php:46)
Stack trace:
#0 C:\xampp\htdocs\Yiiframework\protected\framework\web\CController.php(286): FirstController->runAction()
#1 C:\xampp\htdocs\Yiiframework\protected\framework\web\CController.php(265): FirstController->runActionWithFilters()
#2 C:\xampp\htdocs\Yiiframework\protected\framework\web\CWebApplication.php(282): FirstController->run()
#3 C:\xampp\htdocs\Yiiframework\protected\framework\web\CWebApplication.php(141): CWebApplication->runController()
#4 C:\xampp\htdocs\Yiiframework\protected\framework\base\CApplication.php(184): CWebApplication->processRequest()
#5 C:\xampp\htdocs\Yiiframework\index.php(13): CWebApplication->run()
REQUEST_URI=/Yiiframework/index.php?r=first/create
in C:\xampp\htdocs\Yiiframework\protected\controllers\FirstController.php (46)
in C:\xampp\htdocs\Yiiframework\index.php (13)
2015/12/15 09:09:36 [error] [exception.CException] exception 'CException' with message 'FirstController cannot find the requested view "create".' in C:\xampp\htdocs\Yiiframework\protected\framework\web\CController.php:878
Stack trace:
#0 C:\xampp\htdocs\Yiiframework\protected\framework\web\CController.php(782): CController->renderPartial('create', Array, true)
#1 C:\xampp\htdocs\Yiiframework\protected\controllers\FirstController.php(59): CController->render('create', Array)
#2 C:\xampp\htdocs\Yiiframework\protected\framework\web\actions\CInlineAction.php(49): FirstController->actionCreate()
#3 C:\xampp\htdocs\Yiiframework\protected\framework\web\CController.php(308): CInlineAction->runWithParams(Array)
#4 C:\xampp\htdocs\Yiiframework\protected\framework\web\CController.php(286): CController->runAction(Object(CInlineAction))
#5 C:\xampp\htdocs\Yiiframework\protected\framework\web\CController.php(265): CController->runActionWithFilters(Object(CInlineAction), Array)
#6 C:\xampp\htdocs\Yiiframework\protected\framework\web\CWebApplication.php(282): CController->run('create')
#7 C:\xampp\htdocs\Yiiframework\protected\framework\web\CWebApplication.php(141): CWebApplication->runController('first/create')
#8 C:\xampp\htdocs\Yiiframework\protected\framework\base\CApplication.php(184): CWebApplication->processRequest()
#9 C:\xampp\htdocs\Yiiframework\index.php(13): CApplication->run()
#10 {main}
REQUEST_URI=/Yiiframework/index.php?r=first/create
HTTP_REFERER=http://localhost/Yiiframework/index.php?r=first/index
---
2015/12/15 09:15:17 [error] [php] Undefined index: available (C:\xampp\htdocs\Yiiframework\protected\models\Migration.php:121)
Stack trace:
#0 C:\xampp\htdocs\Yiiframework\protected\framework\web\CController.php(308): CInlineAction->runWithParams()
#1 C:\xampp\htdocs\Yiiframework\protected\framework\web\CController.php(286): FirstController->runAction()
#2 C:\xampp\htdocs\Yiiframework\protected\framework\web\CController.php(265): FirstController->runActionWithFilters()
#3 C:\xampp\htdocs\Yiiframework\protected\framework\web\CWebApplication.php(282): FirstController->run()
#4 C:\xampp\htdocs\Yiiframework\protected\framework\web\CWebApplication.php(141): CWebApplication->runController()
#5 C:\xampp\htdocs\Yiiframework\protected\framework\base\CApplication.php(184): CWebApplication->processRequest()
#6 C:\xampp\htdocs\Yiiframework\index.php(13): CWebApplication->run()
REQUEST_URI=/Yiiframework/index.php?r=first/create
in C:\xampp\htdocs\Yiiframework\protected\models\Migration.php (121)
in C:\xampp\htdocs\Yiiframework\protected\controllers\FirstController.php (48)
in C:\xampp\htdocs\Yiiframework\index.php (13)
2015/12/15 10:36:07 [error] [exception.CHttpException.404] exception 'CHttpException' with message 'The system is unable to find the requested action "first".' in C:\xampp\htdocs\Yiiframework\protected\framework\web\CController.php:483
Stack trace:
#0 C:\xampp\htdocs\Yiiframework\protected\framework\web\CController.php(270): CController->missingAction('first')
#1 C:\xampp\htdocs\Yiiframework\protected\framework\web\CWebApplication.php(282): CController->run('first')
#2 C:\xampp\htdocs\Yiiframework\protected\framework\web\CWebApplication.php(141): CWebApplication->runController('first/first/ind...')
#3 C:\xampp\htdocs\Yiiframework\protected\framework\base\CApplication.php(184): CWebApplication->processRequest()
#4 C:\xampp\htdocs\Yiiframework\index.php(13): CApplication->run()
#5 {main}
REQUEST_URI=/Yiiframework/first/first/index
HTTP_REFERER=http://localhost/Yiiframework/first/
---
2015/12/15 10:36:20 [error] [exception.CHttpException.404] exception 'CHttpException' with message 'The system is unable to find the requested action "first".' in C:\xampp\htdocs\Yiiframework\protected\framework\web\CController.php:483
Stack trace:
#0 C:\xampp\htdocs\Yiiframework\protected\framework\web\CController.php(270): CController->missingAction('first')
#1 C:\xampp\htdocs\Yiiframework\protected\framework\web\CWebApplication.php(282): CController->run('first')
#2 C:\xampp\htdocs\Yiiframework\protected\framework\web\CWebApplication.php(141): CWebApplication->runController('first/first/ind...')
#3 C:\xampp\htdocs\Yiiframework\protected\framework\base\CApplication.php(184): CWebApplication->processRequest()
#4 C:\xampp\htdocs\Yiiframework\index.php(13): CApplication->run()
#5 {main}
REQUEST_URI=/Yiiframework/first/first/index
HTTP_REFERER=http://localhost/Yiiframework/first/
---
2015/12/15 10:36:26 [error] [php] Undefined index: available (C:\xampp\htdocs\Yiiframework\protected\models\Migration.php:121)
Stack trace:
#0 C:\xampp\htdocs\Yiiframework\protected\framework\web\CController.php(308): CInlineAction->runWithParams()
#1 C:\xampp\htdocs\Yiiframework\protected\framework\web\CController.php(286): FirstController->runAction()
#2 C:\xampp\htdocs\Yiiframework\protected\framework\web\CController.php(265): FirstController->runActionWithFilters()
#3 C:\xampp\htdocs\Yiiframework\protected\framework\web\CWebApplication.php(282): FirstController->run()
#4 C:\xampp\htdocs\Yiiframework\protected\framework\web\CWebApplication.php(141): CWebApplication->runController()
#5 C:\xampp\htdocs\Yiiframework\protected\framework\base\CApplication.php(184): CWebApplication->processRequest()
#6 C:\xampp\htdocs\Yiiframework\index.php(13): CWebApplication->run()
REQUEST_URI=/Yiiframework/first/create
in C:\xampp\htdocs\Yiiframework\protected\models\Migration.php (121)
in C:\xampp\htdocs\Yiiframework\protected\controllers\FirstController.php (46)
in C:\xampp\htdocs\Yiiframework\index.php (13)
2015/12/15 10:37:00 [error] [php] Undefined index: available (C:\xampp\htdocs\Yiiframework\protected\models\Migration.php:121)
Stack trace:
#0 C:\xampp\htdocs\Yiiframework\protected\framework\web\CController.php(308): CInlineAction->runWithParams()
#1 C:\xampp\htdocs\Yiiframework\protected\framework\web\CController.php(286): FirstController->runAction()
#2 C:\xampp\htdocs\Yiiframework\protected\framework\web\CController.php(265): FirstController->runActionWithFilters()
#3 C:\xampp\htdocs\Yiiframework\protected\framework\web\CWebApplication.php(282): FirstController->run()
#4 C:\xampp\htdocs\Yiiframework\protected\framework\web\CWebApplication.php(141): CWebApplication->runController()
#5 C:\xampp\htdocs\Yiiframework\protected\framework\base\CApplication.php(184): CWebApplication->processRequest()
#6 C:\xampp\htdocs\Yiiframework\index.php(13): CWebApplication->run()
REQUEST_URI=/Yiiframework/first/create
in C:\xampp\htdocs\Yiiframework\protected\models\Migration.php (121)
in C:\xampp\htdocs\Yiiframework\protected\controllers\FirstController.php (46)
in C:\xampp\htdocs\Yiiframework\index.php (13)
2015/12/15 10:39:29 [error] [php] Undefined index: available (C:\xampp\htdocs\Yiiframework\protected\models\Migration.php:120)
Stack trace:
#0 C:\xampp\htdocs\Yiiframework\protected\framework\web\CController.php(308): CInlineAction->runWithParams()
#1 C:\xampp\htdocs\Yiiframework\protected\framework\web\CController.php(286): FirstController->runAction()
#2 C:\xampp\htdocs\Yiiframework\protected\framework\web\CController.php(265): FirstController->runActionWithFilters()
#3 C:\xampp\htdocs\Yiiframework\protected\framework\web\CWebApplication.php(282): FirstController->run()
#4 C:\xampp\htdocs\Yiiframework\protected\framework\web\CWebApplication.php(141): CWebApplication->runController()
#5 C:\xampp\htdocs\Yiiframework\protected\framework\base\CApplication.php(184): CWebApplication->processRequest()
#6 C:\xampp\htdocs\Yiiframework\index.php(13): CWebApplication->run()
REQUEST_URI=/Yiiframework/first/create
in C:\xampp\htdocs\Yiiframework\protected\models\Migration.php (120)
in C:\xampp\htdocs\Yiiframework\protected\controllers\FirstController.php (47)
in C:\xampp\htdocs\Yiiframework\index.php (13)
2015/12/15 10:39:32 [error] [php] Undefined index: available (C:\xampp\htdocs\Yiiframework\protected\models\Migration.php:120)
Stack trace:
#0 C:\xampp\htdocs\Yiiframework\protected\framework\web\CController.php(308): CInlineAction->runWithParams()
#1 C:\xampp\htdocs\Yiiframework\protected\framework\web\CController.php(286): FirstController->runAction()
#2 C:\xampp\htdocs\Yiiframework\protected\framework\web\CController.php(265): FirstController->runActionWithFilters()
#3 C:\xampp\htdocs\Yiiframework\protected\framework\web\CWebApplication.php(282): FirstController->run()
#4 C:\xampp\htdocs\Yiiframework\protected\framework\web\CWebApplication.php(141): CWebApplication->runController()
#5 C:\xampp\htdocs\Yiiframework\protected\framework\base\CApplication.php(184): CWebApplication->processRequest()
#6 C:\xampp\htdocs\Yiiframework\index.php(13): CWebApplication->run()
REQUEST_URI=/Yiiframework/first/create
in C:\xampp\htdocs\Yiiframework\protected\models\Migration.php (120)
in C:\xampp\htdocs\Yiiframework\protected\controllers\FirstController.php (47)
in C:\xampp\htdocs\Yiiframework\index.php (13)
